\BOOKMARK [1][-]{section*.1}{Contents}{}% 1
\BOOKMARK [1][-]{section.1}{Package UnBlockMe}{}% 2
\BOOKMARK [2][-]{subsection.1.1}{Modules}{section.1}% 3
\BOOKMARK [2][-]{subsection.1.2}{Variables}{section.1}% 4
\BOOKMARK [1][-]{section.2}{Package UnBlockMe.Map}{}% 5
\BOOKMARK [2][-]{subsection.2.1}{Modules}{section.2}% 6
\BOOKMARK [2][-]{subsection.2.2}{Variables}{section.2}% 7
\BOOKMARK [1][-]{section.3}{Module UnBlockMe.Map.Map}{}% 8
\BOOKMARK [2][-]{subsection.3.1}{Variables}{section.3}% 9
\BOOKMARK [2][-]{subsection.3.2}{Class Map}{section.3}% 10
\BOOKMARK [3][-]{subsubsection.3.2.1}{Methods}{subsection.3.2}% 11
\BOOKMARK [3][-]{subsubsection.3.2.2}{Properties}{subsection.3.2}% 12
\BOOKMARK [3][-]{subsubsection.3.2.3}{Class Variables}{subsection.3.2}% 13
\BOOKMARK [1][-]{section.4}{Module UnBlockMe.Map.MapReader}{}% 14
\BOOKMARK [2][-]{subsection.4.1}{Variables}{section.4}% 15
\BOOKMARK [2][-]{subsection.4.2}{Class MapReader}{section.4}% 16
\BOOKMARK [3][-]{subsubsection.4.2.1}{Methods}{subsection.4.2}% 17
\BOOKMARK [3][-]{subsubsection.4.2.2}{Properties}{subsection.4.2}% 18
\BOOKMARK [3][-]{subsubsection.4.2.3}{Class Variables}{subsection.4.2}% 19
\BOOKMARK [1][-]{section.5}{Module UnBlockMe.Map.Move}{}% 20
\BOOKMARK [2][-]{subsection.5.1}{Variables}{section.5}% 21
\BOOKMARK [2][-]{subsection.5.2}{Class Move}{section.5}% 22
\BOOKMARK [3][-]{subsubsection.5.2.1}{Methods}{subsection.5.2}% 23
\BOOKMARK [3][-]{subsubsection.5.2.2}{Properties}{subsection.5.2}% 24
\BOOKMARK [1][-]{section.6}{Module UnBlockMe.Map.Piece}{}% 25
\BOOKMARK [2][-]{subsection.6.1}{Variables}{section.6}% 26
\BOOKMARK [2][-]{subsection.6.2}{Class Piece}{section.6}% 27
\BOOKMARK [3][-]{subsubsection.6.2.1}{Methods}{subsection.6.2}% 28
\BOOKMARK [3][-]{subsubsection.6.2.2}{Properties}{subsection.6.2}% 29
\BOOKMARK [1][-]{section.7}{Package UnBlockMe.PathFinder}{}% 30
\BOOKMARK [2][-]{subsection.7.1}{Modules}{section.7}% 31
\BOOKMARK [2][-]{subsection.7.2}{Variables}{section.7}% 32
\BOOKMARK [1][-]{section.8}{Module UnBlockMe.PathFinder.AStar}{}% 33
\BOOKMARK [2][-]{subsection.8.1}{Variables}{section.8}% 34
\BOOKMARK [2][-]{subsection.8.2}{Class AStar}{section.8}% 35
\BOOKMARK [3][-]{subsubsection.8.2.1}{Methods}{subsection.8.2}% 36
\BOOKMARK [3][-]{subsubsection.8.2.2}{Properties}{subsection.8.2}% 37
\BOOKMARK [1][-]{section.9}{Module UnBlockMe.PathFinder.AStarNode}{}% 38
\BOOKMARK [2][-]{subsection.9.1}{Variables}{section.9}% 39
\BOOKMARK [2][-]{subsection.9.2}{Class AStarNode}{section.9}% 40
\BOOKMARK [3][-]{subsubsection.9.2.1}{Methods}{subsection.9.2}% 41
\BOOKMARK [3][-]{subsubsection.9.2.2}{Properties}{subsection.9.2}% 42
\BOOKMARK [3][-]{subsubsection.9.2.3}{Class Variables}{subsection.9.2}% 43
\BOOKMARK [1][-]{section.10}{Module UnBlockMe.PathFinder.Heuristics}{}% 44
\BOOKMARK [2][-]{subsection.10.1}{Functions}{section.10}% 45
\BOOKMARK [2][-]{subsection.10.2}{Variables}{section.10}% 46
\BOOKMARK [1][-]{section.11}{Module UnBlockMe.PathFinder.Node}{}% 47
\BOOKMARK [2][-]{subsection.11.1}{Variables}{section.11}% 48
\BOOKMARK [2][-]{subsection.11.2}{Class Node}{section.11}% 49
\BOOKMARK [3][-]{subsubsection.11.2.1}{Methods}{subsection.11.2}% 50
\BOOKMARK [3][-]{subsubsection.11.2.2}{Properties}{subsection.11.2}% 51
\BOOKMARK [1][-]{section.12}{Module UnBlockMe.PathFinder.PathFinder}{}% 52
\BOOKMARK [2][-]{subsection.12.1}{Variables}{section.12}% 53
\BOOKMARK [2][-]{subsection.12.2}{Class PathFinder}{section.12}% 54
\BOOKMARK [3][-]{subsubsection.12.2.1}{Methods}{subsection.12.2}% 55
\BOOKMARK [3][-]{subsubsection.12.2.2}{Properties}{subsection.12.2}% 56
\BOOKMARK [1][-]{section.13}{Module UnBlockMe.PathFinder.Solver}{}% 57
\BOOKMARK [2][-]{subsection.13.1}{Variables}{section.13}% 58
\BOOKMARK [1][-]{section.14}{Module UnBlockMe.PathFinder.TreeSearch}{}% 59
\BOOKMARK [2][-]{subsection.14.1}{Variables}{section.14}% 60
\BOOKMARK [2][-]{subsection.14.2}{Class TreeSearch}{section.14}% 61
\BOOKMARK [3][-]{subsubsection.14.2.1}{Methods}{subsection.14.2}% 62
\BOOKMARK [3][-]{subsubsection.14.2.2}{Properties}{subsection.14.2}% 63
\BOOKMARK [1][-]{section.15}{Package UnBlockMe.Utility}{}% 64
\BOOKMARK [2][-]{subsection.15.1}{Modules}{section.15}% 65
\BOOKMARK [2][-]{subsection.15.2}{Variables}{section.15}% 66
\BOOKMARK [1][-]{section.16}{Module UnBlockMe.Utility.MovesTo}{}% 67
\BOOKMARK [2][-]{subsection.16.1}{Functions}{section.16}% 68
\BOOKMARK [2][-]{subsection.16.2}{Variables}{section.16}% 69
\BOOKMARK [1][-]{section.17}{Module UnBlockMe.Utility.Stack}{}% 70
\BOOKMARK [2][-]{subsection.17.1}{Variables}{section.17}% 71
\BOOKMARK [2][-]{subsection.17.2}{Class Stack}{section.17}% 72
\BOOKMARK [3][-]{subsubsection.17.2.1}{Methods}{subsection.17.2}% 73
\BOOKMARK [3][-]{subsubsection.17.2.2}{Properties}{subsection.17.2}% 74
\BOOKMARK [1][-]{section.18}{Package UnBlockMe.test}{}% 75
\BOOKMARK [2][-]{subsection.18.1}{Modules}{section.18}% 76
\BOOKMARK [2][-]{subsection.18.2}{Variables}{section.18}% 77
\BOOKMARK [1][-]{section.19}{Package UnBlockMe.test.MapTests}{}% 78
\BOOKMARK [2][-]{subsection.19.1}{Modules}{section.19}% 79
\BOOKMARK [2][-]{subsection.19.2}{Variables}{section.19}% 80
\BOOKMARK [1][-]{section.20}{Module UnBlockMe.test.MapTests.mapTests}{}% 81
\BOOKMARK [2][-]{subsection.20.1}{Variables}{section.20}% 82
\BOOKMARK [2][-]{subsection.20.2}{Class FakeMapReader}{section.20}% 83
\BOOKMARK [3][-]{subsubsection.20.2.1}{Methods}{subsection.20.2}% 84
\BOOKMARK [3][-]{subsubsection.20.2.2}{Properties}{subsection.20.2}% 85
\BOOKMARK [2][-]{subsection.20.3}{Class TestMap}{section.20}% 86
\BOOKMARK [3][-]{subsubsection.20.3.1}{Methods}{subsection.20.3}% 87
\BOOKMARK [3][-]{subsubsection.20.3.2}{Properties}{subsection.20.3}% 88
\BOOKMARK [3][-]{subsubsection.20.3.3}{Class Variables}{subsection.20.3}% 89
\BOOKMARK [1][-]{section.21}{Module UnBlockMe.test.MapTests.moveTests}{}% 90
\BOOKMARK [2][-]{subsection.21.1}{Variables}{section.21}% 91
\BOOKMARK [2][-]{subsection.21.2}{Class TestMove}{section.21}% 92
\BOOKMARK [3][-]{subsubsection.21.2.1}{Methods}{subsection.21.2}% 93
\BOOKMARK [3][-]{subsubsection.21.2.2}{Properties}{subsection.21.2}% 94
\BOOKMARK [3][-]{subsubsection.21.2.3}{Class Variables}{subsection.21.2}% 95
\BOOKMARK [1][-]{section.22}{Module UnBlockMe.test.MapTests.pieceTests}{}% 96
\BOOKMARK [2][-]{subsection.22.1}{Variables}{section.22}% 97
\BOOKMARK [2][-]{subsection.22.2}{Class TestPiece}{section.22}% 98
\BOOKMARK [3][-]{subsubsection.22.2.1}{Methods}{subsection.22.2}% 99
\BOOKMARK [3][-]{subsubsection.22.2.2}{Properties}{subsection.22.2}% 100
\BOOKMARK [3][-]{subsubsection.22.2.3}{Class Variables}{subsection.22.2}% 101
\BOOKMARK [1][-]{section.23}{Module UnBlockMe.test.MapTests.readerTests}{}% 102
\BOOKMARK [2][-]{subsection.23.1}{Variables}{section.23}% 103
\BOOKMARK [2][-]{subsection.23.2}{Class TestReader}{section.23}% 104
\BOOKMARK [3][-]{subsubsection.23.2.1}{Methods}{subsection.23.2}% 105
\BOOKMARK [3][-]{subsubsection.23.2.2}{Properties}{subsection.23.2}% 106
\BOOKMARK [3][-]{subsubsection.23.2.3}{Class Variables}{subsection.23.2}% 107
\BOOKMARK [1][-]{section.24}{Package UnBlockMe.test.PathFinding}{}% 108
\BOOKMARK [2][-]{subsection.24.1}{Modules}{section.24}% 109
\BOOKMARK [2][-]{subsection.24.2}{Variables}{section.24}% 110
\BOOKMARK [1][-]{section.25}{Module UnBlockMe.test.PathFinding.AStarNodeTests}{}% 111
\BOOKMARK [2][-]{subsection.25.1}{Variables}{section.25}% 112
\BOOKMARK [2][-]{subsection.25.2}{Class NodeTest}{section.25}% 113
\BOOKMARK [3][-]{subsubsection.25.2.1}{Methods}{subsection.25.2}% 114
\BOOKMARK [3][-]{subsubsection.25.2.2}{Properties}{subsection.25.2}% 115
\BOOKMARK [3][-]{subsubsection.25.2.3}{Class Variables}{subsection.25.2}% 116
\BOOKMARK [1][-]{section.26}{Module UnBlockMe.test.PathFinding.heuristicTests}{}% 117
\BOOKMARK [2][-]{subsection.26.1}{Variables}{section.26}% 118
\BOOKMARK [2][-]{subsection.26.2}{Class TestMap}{section.26}% 119
\BOOKMARK [3][-]{subsubsection.26.2.1}{Methods}{subsection.26.2}% 120
\BOOKMARK [3][-]{subsubsection.26.2.2}{Properties}{subsection.26.2}% 121
\BOOKMARK [3][-]{subsubsection.26.2.3}{Class Variables}{subsection.26.2}% 122
\BOOKMARK [1][-]{section.27}{Module UnBlockMe.test.PathFinding.nodeTests}{}% 123
\BOOKMARK [2][-]{subsection.27.1}{Variables}{section.27}% 124
\BOOKMARK [2][-]{subsection.27.2}{Class NodeTest}{section.27}% 125
\BOOKMARK [3][-]{subsubsection.27.2.1}{Methods}{subsection.27.2}% 126
\BOOKMARK [3][-]{subsubsection.27.2.2}{Properties}{subsection.27.2}% 127
\BOOKMARK [3][-]{subsubsection.27.2.3}{Class Variables}{subsection.27.2}% 128
\BOOKMARK [1][-]{section.28}{Module UnBlockMe.test.PathFinding.pathFindingTests}{}% 129
\BOOKMARK [2][-]{subsection.28.1}{Functions}{section.28}% 130
\BOOKMARK [2][-]{subsection.28.2}{Variables}{section.28}% 131
\BOOKMARK [2][-]{subsection.28.3}{Class PathFindingTest}{section.28}% 132
\BOOKMARK [3][-]{subsubsection.28.3.1}{Methods}{subsection.28.3}% 133
\BOOKMARK [3][-]{subsubsection.28.3.2}{Properties}{subsection.28.3}% 134
\BOOKMARK [3][-]{subsubsection.28.3.3}{Class Variables}{subsection.28.3}% 135
\BOOKMARK [1][-]{section.29}{Module UnBlockMe.test.files}{}% 136
\BOOKMARK [2][-]{subsection.29.1}{Variables}{section.29}% 137
\BOOKMARK [1][-]{section*.2}{Index}{}% 138
